2025-11-19 18:43:30,390 - INFO - Arquivo de input não encontrado. Gerando massa de teste...
2025-11-19 18:43:31,955 - INFO - Base de contas carregada. Total: 3 contas.
2025-11-19 18:43:31,955 - INFO - Iniciando autenticação OAuth2...
2025-11-19 18:43:31,955 - INFO - Autenticação MOCK realizada com sucesso.
2025-11-19 18:43:32,053 - INFO - Processando conta: 1234-11111-1
2025-11-19 18:43:32,578 - INFO - Conta 1234-11111-1 processada com sucesso.
2025-11-19 18:43:32,579 - INFO - Processando conta: 5678-22222-2
2025-11-19 18:43:32,583 - INFO - Conta 5678-22222-2 processada com sucesso.
2025-11-19 18:43:32,584 - INFO - Processando conta: 9012-33333-3
2025-11-19 18:43:32,584 - ERROR - Falha na conta 9012-33333-3: Erro 404: Conta não localizada na base do banco.
2025-11-19 18:43:32,587 - INFO - Gerando planilha consolidada...
2025-11-19 18:43:32,677 - INFO - Arquivo 'extrato_consolidado.xlsx' gerado com sucesso!
2025-11-21 12:22:02,087 - INFO - Base de contas carregada. Total: 3 contas.
2025-11-21 12:22:02,096 - INFO - Iniciando autenticação OAuth2...
2025-11-21 12:22:02,098 - INFO - Autenticação MOCK realizada com sucesso.
2025-11-21 12:22:02,183 - INFO - Processando conta: 1234-11111-1
2025-11-21 12:22:02,277 - INFO - Conta 1234-11111-1 processada com sucesso.
2025-11-21 12:22:02,277 - INFO - Processando conta: 5678-22222-2
2025-11-21 12:22:02,280 - INFO - Conta 5678-22222-2 processada com sucesso.
2025-11-21 12:22:02,280 - INFO - Processando conta: 9012-33333-3
2025-11-21 12:22:02,280 - ERROR - Falha na conta 9012-33333-3: Erro 404: Conta não localizada na base do banco.
2025-11-21 12:22:02,281 - INFO - Gerando planilha consolidada...
2025-11-21 12:22:02,582 - INFO - Arquivo 'extrato_consolidado.xlsx' gerado com sucesso!
